C51 COMPILER V9.60.7.0   DELAY                                                             05/23/2025 10:24:10 PAGE 1   


C51 COMPILER V9.60.7.0, COMPILATION OF MODULE DELAY
OBJECT MODULE PLACED IN .\Objects\delay.obj
COMPILER INVOKED BY: C:\Keil_v5\C51\BIN\C51.EXE D:\Proteus_project\at89s52_rfid\delay.c OPTIMIZE(8,SPEED) BROWSE INCDIR(
                    -..\at89s52_rfid) DEBUG OBJECTEXTEND PRINT(.\Listings\delay.lst) TABS(2) OBJECT(.\Objects\delay.obj)

line level    source

   1          #include "delay.h"
   2          #include <intrins.h>
   3          
   4          void delayms(unsigned int ms) {
   5   1          unsigned int i;
   6   1          while (ms--) {
   7   2              for (i = 0; i < 123; i++) _nop_(); // Delay ~1ms t?i 12MHz
   8   2          }
   9   1      }


MODULE INFORMATION:   STATIC OVERLAYABLE
   CODE SIZE        =     31    ----
   CONSTANT SIZE    =   ----    ----
   XDATA SIZE       =   ----    ----
   PDATA SIZE       =   ----    ----
   DATA SIZE        =   ----    ----
   IDATA SIZE       =   ----    ----
   BIT SIZE         =   ----    ----
END OF MODULE INFORMATION.


C51 COMPILATION COMPLETE.  0 WARNING(S),  0 ERROR(S)
